[2022/03/26 Sat 18:16:07.111889][INFO]Stair Speedtest v0.7.1 started in CLI mode.
[2022/03/26 Sat 18:16:07.116884][INFO]Killing shadowsocks-libev...
[2022/03/26 Sat 18:16:07.150872][INFO]Killing shadowsocksr-libev...
[2022/03/26 Sat 18:16:07.182443][INFO]Killing v2ray core...
[2022/03/26 Sat 18:16:07.213079][INFO]Killing trojan...
[2022/03/26 Sat 18:16:07.243421][WARNING]V2Ray core not found at path tools/clients/v2ray
[2022/03/26 Sat 18:16:07.243579][WARNING]Shadowsocks-libev not found at path tools/clients/ss-local
[2022/03/26 Sat 18:16:07.243835][WARNING]ShadowsocksR-libev not found at path tools/clients/ssr-local
[2022/03/26 Sat 18:16:07.244024][WARNING]Trojan not found at path tools/clients/trojan
[2022/03/26 Sat 18:16:07.244329][INFO]Using local port: 65432
[2022/03/26 Sat 18:16:07.244402][INFO]Init completed.
[2022/03/26 Sat 18:16:26.127037][INFO]Input data: https://human-zoo.club/api/v1/client/subscribe?token=01
[2022/03/26 Sat 18:16:26.127632][INFO]Received Link.
[2022/03/26 Sat 18:16:31.128309][INFO]Received custom group: 动物园
[2022/03/26 Sat 18:16:31.128439][INFO]Downloading subscription data...
[2022/03/26 Sat 18:16:31.824037][INFO]Parsing subscription data...
[2022/03/26 Sat 18:16:31.825677][INFO]Filter started.
[2022/03/26 Sat 18:16:31.825824][INFO]Node  V2RayProvider - 🇭🇰 香港 普通 DMT  has been added.
[2022/03/26 Sat 18:16:31.826064][INFO]Node  TrojanProvider - 🇭🇰 香港 加密 DMT  has been added.
[2022/03/26 Sat 18:16:31.826222][INFO]Node  V2RayProvider - 🇭🇰 香港 高速 CMI  has been added.
[2022/03/26 Sat 18:16:31.826400][INFO]Node  V2RayProvider - 🇭🇰 香港 流媒体 01  has been added.
[2022/03/26 Sat 18:16:31.826596][INFO]Node  V2RayProvider - 🇭🇰 香港 流媒体 02  has been added.
[2022/03/26 Sat 18:16:31.826727][INFO]Node  V2RayProvider - 🇸🇬 狮城 流媒体 01  has been added.
[2022/03/26 Sat 18:16:31.826938][INFO]Node  V2RayProvider - 🇸🇬 狮城 流媒体 02  has been added.
[2022/03/26 Sat 18:16:31.827112][INFO]Node  V2RayProvider - 🇯🇵 日本 流媒体 01  has been added.
[2022/03/26 Sat 18:16:31.827172][INFO]Node  V2RayProvider - 🇺🇸 美国 流媒体 01  has been added.
[2022/03/26 Sat 18:16:31.827228][INFO]Node  V2RayProvider - 🇺🇸 美国 普通 01  has been added.
[2022/03/26 Sat 18:16:31.827284][INFO]Node  V2RayProvider - 🇺🇸 美国 普通 02  has been added.
[2022/03/26 Sat 18:16:31.827371][INFO]Filter done.
[2022/03/26 Sat 18:16:31.827478][INFO]Total node(s) found: 11
[2022/03/26 Sat 18:16:31.827602][INFO]Speedtest will now begin.
[2022/03/26 Sat 18:16:31.827802][INFO]Received server. Group: 动物园 Name: 香港 普通 DMT
[2022/03/26 Sat 18:16:31.827885][INFO]Writing config file...
[2022/03/26 Sat 18:16:32.028441][INFO]Now started fetching GeoIP info...
[2022/03/26 Sat 18:16:32.028770][GEOIP]GeoIP parse begin.
[2022/03/26 Sat 18:16:32.028900][GEOIP]GeoIP parse begin.
[2022/03/26 Sat 18:16:32.029135][GEOIP]Found host name. Resolving into IP address.
[2022/03/26 Sat 18:16:32.029477][STUN]STUN on SOCKS5 server 127.0.0.1:65432 started. Using STUN server stun.ekiga.net:3478.
[2022/03/26 Sat 18:16:32.029759][INFO]Now performing TCP ping...
[2022/03/26 Sat 18:16:32.030002][TCPING]TCP Ping begin.
[2022/03/26 Sat 18:16:32.030211][TCPING]Ping target: hkdmt.humanzoo.us:16654.
[2022/03/26 Sat 18:16:32.030438][GEOIP]No address provided, getting GeoIP through proxy 'socks5://127.0.0.1:65432'.
[2022/03/26 Sat 18:16:32.030868][STUN]Failed to start UDP Association with SOCKS5 server. Leaving...
[2022/03/26 Sat 18:16:32.031761][TCPING]Host name provided. Resolving into IP address.
[2022/03/26 Sat 18:16:32.032498][GEOIP]No GeoIP result. Leaving.
[2022/03/26 Sat 18:16:32.046324][TCPING]Start probing 103.117.103.185:16654.
[2022/03/26 Sat 18:16:32.046512][GEOIP]Getting GeoIP of '103.117.103.185' through proxy ''.
[2022/03/26 Sat 18:16:32.097961][TCPING]Probing 103.117.103.185:16654/tcp - Port is open - time=51ms
[2022/03/26 Sat 18:16:33.160340][TCPING]Probing 103.117.103.185:16654/tcp - Port is open - time=58ms
[2022/03/26 Sat 18:16:33.192672][GEOIP]Fetched GeoIP data: {"organization":"DMIT","longitude":114.1657,"timezone":"Asia\/Hong_Kong","isp":"DMIT","offset":28800,"asn":54574,"asn_organization":"DMIT","country":"Hong Kong","ip":"103.117.103.185","latitude":22.2578,"continent_code":"AS","country_code":"HK"}

[2022/03/26 Sat 18:16:33.193012][GEOIP]Parsing GeoIP result.
[2022/03/26 Sat 18:16:33.193102][GEOIP]Parse GeoIP complete. Leaving.
[2022/03/26 Sat 18:16:34.216433][TCPING]Probing 103.117.103.185:16654/tcp - Port is open - time=52ms
[2022/03/26 Sat 18:16:35.275836][TCPING]Probing 103.117.103.185:16654/tcp - Port is open - time=56ms
[2022/03/26 Sat 18:16:36.338342][TCPING]Probing 103.117.103.185:16654/tcp - Port is open - time=59ms
[2022/03/26 Sat 18:16:37.398907][TCPING]Probing 103.117.103.185:16654/tcp - Port is open - time=55ms
[2022/03/26 Sat 18:16:37.399157][TCPING]Ping statistics for 103.117.103.185:16654 : 6 probes sent, 6 successful, 0 failed. (0.00% fail)
[2022/03/26 Sat 18:16:37.399498][RAW]51 58 52 56 59 55
[2022/03/26 Sat 18:16:37.399668][INFO]TCP Ping: 55.17  Packet Loss: 0.00%
[2022/03/26 Sat 18:16:37.399829][RULES]Rule match started.
[2022/03/26 Sat 18:16:37.400142][RULES]Searching default rule.
[2022/03/26 Sat 18:16:37.400320][RULES]Using default rule: 'https://download.microsoft.com/download/2/0/E/20E90413-712F-438C-988E-FDAA79A8AC3D/dotnetfx35.exe'.
[2022/03/26 Sat 18:16:37.400569][RULES]Node  动物园 - 香港 普通 DMT  matches no rule. Using default rule.
[2022/03/26 Sat 18:16:37.400805][RULES]Node  动物园 - 香港 普通 DMT  uses test file 'https://download.microsoft.com/download/2/0/E/20E90413-712F-438C-988E-FDAA79A8AC3D/dotnetfx35.exe'.
[2022/03/26 Sat 18:16:37.401064][INFO]Now performing site ping...
[2022/03/26 Sat 18:16:37.401290][GPING]Website ping started. Target: 'www.google.com' . Proxy: '127.0.0.1:65432' .
[2022/03/26 Sat 18:16:37.402057][GPING]ERROR: SOCKS5 server authentication failed.
[2022/03/26 Sat 18:16:37.402229][GPING]Accessing 'www.google.com' - Fail - time=0ms
[2022/03/26 Sat 18:16:37.402938][GPING]ERROR: SOCKS5 server authentication failed.
[2022/03/26 Sat 18:16:37.403128][GPING]Accessing 'www.google.com' - Fail - time=0ms
[2022/03/26 Sat 18:16:37.403322][GPING]Fail limit exceeded. Stop now.
[2022/03/26 Sat 18:16:37.403437][GPING]Ping statistics of target www.google.com : 2 probes sent, 0 successful, 2 failed. 
[2022/03/26 Sat 18:16:37.403508][GPING]Website ping completed. Leaving.
[2022/03/26 Sat 18:16:37.403655][RAW]0 0 0 0 0 0 0 0 0 0
[2022/03/26 Sat 18:16:37.403722][INFO]Site ping: 0.00
[2022/03/26 Sat 18:16:37.403872][INFO]Now performing file download speed test...
[2022/03/26 Sat 18:16:37.403949][FILEDL]Multi-thread download test started.
[2022/03/26 Sat 18:16:37.404084][FILEDL]Fetch target: https://download.microsoft.com/download/2/0/E/20E90413-712F-438C-988E-FDAA79A8AC3D/dotnetfx35.exe
[2022/03/26 Sat 18:16:37.404204][FILEDL]Found HTTPS URL. Initializing OpenSSL library.
[2022/03/26 Sat 18:16:37.408381][FILEDL]Starting up thread #1.
[2022/03/26 Sat 18:16:37.408559][FILEDL]Starting up thread #2.
[2022/03/26 Sat 18:16:37.408717][FILEDL]Starting up thread #3.
[2022/03/26 Sat 18:16:37.408827][FILEDL]Starting up thread #4.
[2022/03/26 Sat 18:16:37.408972][FILEDL]All threads launched. Start accumulating data.
[2022/03/26 Sat 18:16:37.911996][FILEDL]Running threads: 0, total received bytes: 0, current received bytes: 0.
[2022/03/26 Sat 18:16:37.912223][FILEDL]Test completed. Terminate all threads.
[2022/03/26 Sat 18:16:37.912699][FILEDL]Downloaded 0 bytes in 504 milliseconds.
[2022/03/26 Sat 18:16:37.912837][FILEDL]Thread #1 has exited.
[2022/03/26 Sat 18:16:37.912899][FILEDL]Thread #2 has exited.
[2022/03/26 Sat 18:16:37.912967][FILEDL]Thread #3 has exited.
[2022/03/26 Sat 18:16:37.913063][FILEDL]Thread #4 has exited.
[2022/03/26 Sat 18:16:37.913223][FILEDL]Multi-thread download test completed.
[2022/03/26 Sat 18:16:37.913289][RAW]0 0 0 0 0 0 0 0 0 0 0 0 0 0 0 0 0 0 0 0
[2022/03/26 Sat 18:16:37.913463][ERROR]Speedtest returned no speed.
[2022/03/26 Sat 18:16:37.913522][FILEDL]Multi-thread download test started.
[2022/03/26 Sat 18:16:37.913661][FILEDL]Fetch target: https://download.microsoft.com/download/2/0/E/20E90413-712F-438C-988E-FDAA79A8AC3D/dotnetfx35.exe
[2022/03/26 Sat 18:16:37.913771][FILEDL]Found HTTPS URL. Initializing OpenSSL library.
[2022/03/26 Sat 18:16:37.913842][FILEDL]Starting up thread #1.
[2022/03/26 Sat 18:16:37.913919][FILEDL]Starting up thread #2.
[2022/03/26 Sat 18:16:37.913983][FILEDL]Starting up thread #3.
[2022/03/26 Sat 18:16:37.914181][FILEDL]Starting up thread #4.
[2022/03/26 Sat 18:16:37.914260][FILEDL]All threads launched. Start accumulating data.
[2022/03/26 Sat 18:16:38.419335][FILEDL]Running threads: 0, total received bytes: 0, current received bytes: 0.
[2022/03/26 Sat 18:16:38.419566][FILEDL]Test completed. Terminate all threads.
[2022/03/26 Sat 18:16:38.419813][FILEDL]Downloaded 0 bytes in 506 milliseconds.
[2022/03/26 Sat 18:16:38.419929][FILEDL]Thread #1 has exited.
[2022/03/26 Sat 18:16:38.420066][FILEDL]Thread #2 has exited.
[2022/03/26 Sat 18:16:38.420145][FILEDL]Thread #3 has exited.
[2022/03/26 Sat 18:16:38.420458][FILEDL]Thread #4 has exited.
[2022/03/26 Sat 18:16:38.420566][FILEDL]Multi-thread download test completed.
[2022/03/26 Sat 18:16:38.420629][RAW]0 0 0 0 0 0 0 0 0 0 0 0 0 0 0 0 0 0 0 0
[2022/03/26 Sat 18:16:38.420720][ERROR]Speedtest returned no speed 2 times.
[2022/03/26 Sat 18:16:38.420885][INFO]Killing v2ray core...
[2022/03/26 Sat 18:16:38.455091][INFO]Received server. Group: 动物园 Name: 香港 加密 DMT
[2022/03/26 Sat 18:16:38.455342][INFO]Writing config file...
[2022/03/26 Sat 18:16:38.658216][INFO]Now started fetching GeoIP info...
[2022/03/26 Sat 18:16:38.658617][GEOIP]GeoIP parse begin.
[2022/03/26 Sat 18:16:38.659010][GEOIP]GeoIP parse begin.
[2022/03/26 Sat 18:16:38.659242][INFO]Now performing TCP ping...
[2022/03/26 Sat 18:16:38.659456][TCPING]TCP Ping begin.
[2022/03/26 Sat 18:16:38.659601][TCPING]Ping target: hkdmt.humanzoo.us:8443.
[2022/03/26 Sat 18:16:38.659804][GEOIP]No address provided, getting GeoIP through proxy 'socks5://127.0.0.1:65432'.
[2022/03/26 Sat 18:16:38.659992][STUN]STUN on SOCKS5 server 127.0.0.1:65432 started. Using STUN server stun.ekiga.net:3478.
[2022/03/26 Sat 18:16:38.660204][GEOIP]Found host name. Resolving into IP address.
[2022/03/26 Sat 18:16:38.660375][TCPING]Host name provided. Resolving into IP address.
[2022/03/26 Sat 18:16:38.660567][STUN]Failed to start UDP Association with SOCKS5 server. Leaving...
[2022/03/26 Sat 18:16:38.661109][GEOIP]No GeoIP result. Leaving.
[2022/03/26 Sat 18:16:38.662100][GEOIP]Getting GeoIP of '103.117.103.185' through proxy ''.
[2022/03/26 Sat 18:16:38.663994][TCPING]Start probing 103.117.103.185:8443.
[2022/03/26 Sat 18:16:38.719766][TCPING]Probing 103.117.103.185:8443/tcp - Port is open - time=55ms
[2022/03/26 Sat 18:16:39.706182][GEOIP]Fetched GeoIP data: {"organization":"DMIT","longitude":114.1657,"timezone":"Asia\/Hong_Kong","isp":"DMIT","offset":28800,"asn":54574,"asn_organization":"DMIT","country":"Hong Kong","ip":"103.117.103.185","latitude":22.2578,"continent_code":"AS","country_code":"HK"}

[2022/03/26 Sat 18:16:39.706308][GEOIP]Parsing GeoIP result.
[2022/03/26 Sat 18:16:39.706525][GEOIP]Parse GeoIP complete. Leaving.
[2022/03/26 Sat 18:16:39.772147][TCPING]Probing 103.117.103.185:8443/tcp - Port is open - time=48ms
[2022/03/26 Sat 18:16:40.832143][TCPING]Probing 103.117.103.185:8443/tcp - Port is open - time=54ms
[2022/03/26 Sat 18:16:41.889511][TCPING]Probing 103.117.103.185:8443/tcp - Port is open - time=53ms
[2022/03/26 Sat 18:16:42.955618][TCPING]Probing 103.117.103.185:8443/tcp - Port is open - time=62ms
[2022/03/26 Sat 18:16:44.018385][TCPING]Probing 103.117.103.185:8443/tcp - Port is open - time=59ms
[2022/03/26 Sat 18:16:44.018576][TCPING]Ping statistics for 103.117.103.185:8443 : 6 probes sent, 6 successful, 0 failed. (0.00% fail)
[2022/03/26 Sat 18:16:44.018699][RAW]55 48 54 53 62 59
[2022/03/26 Sat 18:16:44.018797][INFO]TCP Ping: 55.17  Packet Loss: 0.00%
[2022/03/26 Sat 18:16:44.018873][RULES]Rule match started.
[2022/03/26 Sat 18:16:44.019024][RULES]Searching default rule.
[2022/03/26 Sat 18:16:44.019172][RULES]Using default rule: 'https://download.microsoft.com/download/2/0/E/20E90413-712F-438C-988E-FDAA79A8AC3D/dotnetfx35.exe'.
[2022/03/26 Sat 18:16:44.019356][RULES]Node  动物园 - 香港 加密 DMT  matches no rule. Using default rule.
[2022/03/26 Sat 18:16:44.019438][RULES]Node  动物园 - 香港 加密 DMT  uses test file 'https://download.microsoft.com/download/2/0/E/20E90413-712F-438C-988E-FDAA79A8AC3D/dotnetfx35.exe'.
[2022/03/26 Sat 18:16:44.019596][INFO]Now performing site ping...
[2022/03/26 Sat 18:16:44.019674][GPING]Website ping started. Target: 'www.google.com' . Proxy: '127.0.0.1:65432' .
[2022/03/26 Sat 18:16:44.020177][GPING]ERROR: SOCKS5 server authentication failed.
[2022/03/26 Sat 18:16:44.020373][GPING]Accessing 'www.google.com' - Fail - time=0ms
[2022/03/26 Sat 18:16:44.020913][GPING]ERROR: SOCKS5 server authentication failed.
[2022/03/26 Sat 18:16:44.021037][GPING]Accessing 'www.google.com' - Fail - time=0ms
[2022/03/26 Sat 18:16:44.021103][GPING]Fail limit exceeded. Stop now.
[2022/03/26 Sat 18:16:44.021147][GPING]Ping statistics of target www.google.com : 2 probes sent, 0 successful, 2 failed. 
[2022/03/26 Sat 18:16:44.021199][GPING]Website ping completed. Leaving.
[2022/03/26 Sat 18:16:44.021262][RAW]0 0 0 0 0 0 0 0 0 0
[2022/03/26 Sat 18:16:44.021308][INFO]Site ping: 0.00
[2022/03/26 Sat 18:16:44.021354][INFO]Now performing file download speed test...
[2022/03/26 Sat 18:16:44.021397][FILEDL]Multi-thread download test started.
[2022/03/26 Sat 18:16:44.021432][FILEDL]Fetch target: https://download.microsoft.com/download/2/0/E/20E90413-712F-438C-988E-FDAA79A8AC3D/dotnetfx35.exe
[2022/03/26 Sat 18:16:44.021491][FILEDL]Found HTTPS URL. Initializing OpenSSL library.
[2022/03/26 Sat 18:16:44.021532][FILEDL]Starting up thread #1.
[2022/03/26 Sat 18:16:44.021679][FILEDL]Starting up thread #2.
[2022/03/26 Sat 18:16:44.021758][FILEDL]Starting up thread #3.
[2022/03/26 Sat 18:16:44.021880][FILEDL]Starting up thread #4.
[2022/03/26 Sat 18:16:44.021995][FILEDL]All threads launched. Start accumulating data.
[2022/03/26 Sat 18:16:44.525061][FILEDL]Running threads: 0, total received bytes: 0, current received bytes: 0.
[2022/03/26 Sat 18:16:44.525210][FILEDL]Test completed. Terminate all threads.
[2022/03/26 Sat 18:16:44.525346][FILEDL]Downloaded 0 bytes in 504 milliseconds.
[2022/03/26 Sat 18:16:44.525444][FILEDL]Thread #1 has exited.
[2022/03/26 Sat 18:16:44.525526][FILEDL]Thread #2 has exited.
[2022/03/26 Sat 18:16:44.525596][FILEDL]Thread #3 has exited.
[2022/03/26 Sat 18:16:44.525819][FILEDL]Thread #4 has exited.
[2022/03/26 Sat 18:16:44.525887][FILEDL]Multi-thread download test completed.
[2022/03/26 Sat 18:16:44.525987][RAW]0 0 0 0 0 0 0 0 0 0 0 0 0 0 0 0 0 0 0 0
[2022/03/26 Sat 18:16:44.526056][ERROR]Speedtest returned no speed.
[2022/03/26 Sat 18:16:44.526131][FILEDL]Multi-thread download test started.
[2022/03/26 Sat 18:16:44.526197][FILEDL]Fetch target: https://download.microsoft.com/download/2/0/E/20E90413-712F-438C-988E-FDAA79A8AC3D/dotnetfx35.exe
[2022/03/26 Sat 18:16:44.526268][FILEDL]Found HTTPS URL. Initializing OpenSSL library.
[2022/03/26 Sat 18:16:44.526331][FILEDL]Starting up thread #1.
[2022/03/26 Sat 18:16:44.526434][FILEDL]Starting up thread #2.
[2022/03/26 Sat 18:16:44.526490][FILEDL]Starting up thread #3.
[2022/03/26 Sat 18:16:44.526738][FILEDL]Starting up thread #4.
[2022/03/26 Sat 18:16:44.526830][FILEDL]All threads launched. Start accumulating data.
[2022/03/26 Sat 18:16:45.028645][FILEDL]Running threads: 0, total received bytes: 0, current received bytes: 0.
[2022/03/26 Sat 18:16:45.028825][FILEDL]Test completed. Terminate all threads.
[2022/03/26 Sat 18:16:45.029029][FILEDL]Downloaded 0 bytes in 503 milliseconds.
[2022/03/26 Sat 18:16:45.029249][FILEDL]Thread #1 has exited.
[2022/03/26 Sat 18:16:45.029375][FILEDL]Thread #2 has exited.
[2022/03/26 Sat 18:16:45.029435][FILEDL]Thread #3 has exited.
[2022/03/26 Sat 18:16:45.029620][FILEDL]Thread #4 has exited.
[2022/03/26 Sat 18:16:45.029711][FILEDL]Multi-thread download test completed.
[2022/03/26 Sat 18:16:45.029872][RAW]0 0 0 0 0 0 0 0 0 0 0 0 0 0 0 0 0 0 0 0
[2022/03/26 Sat 18:16:45.029976][ERROR]Speedtest returned no speed 2 times.
[2022/03/26 Sat 18:16:45.030085][INFO]Killing trojan...
[2022/03/26 Sat 18:16:45.064689][INFO]Received server. Group: 动物园 Name: 香港 高速 CMI
[2022/03/26 Sat 18:16:45.064805][INFO]Writing config file...
[2022/03/26 Sat 18:16:45.267466][INFO]Now started fetching GeoIP info...
[2022/03/26 Sat 18:16:45.267818][INFO]Now performing TCP ping...
[2022/03/26 Sat 18:16:45.267920][TCPING]TCP Ping begin.
[2022/03/26 Sat 18:16:45.267992][TCPING]Ping target: hkcmi.humanzoo.us:5443.
[2022/03/26 Sat 18:16:45.268117][TCPING]Host name provided. Resolving into IP address.
[2022/03/26 Sat 18:16:45.268279][GEOIP]GeoIP parse begin.
[2022/03/26 Sat 18:16:45.268357][GEOIP]No address provided, getting GeoIP through proxy 'socks5://127.0.0.1:65432'.
[2022/03/26 Sat 18:16:45.268551][STUN]STUN on SOCKS5 server 127.0.0.1:65432 started. Using STUN server stun.ekiga.net:3478.
[2022/03/26 Sat 18:16:45.268712][GEOIP]GeoIP parse begin.
[2022/03/26 Sat 18:16:45.268854][GEOIP]Found host name. Resolving into IP address.
[2022/03/26 Sat 18:16:45.268976][STUN]Failed to start UDP Association with SOCKS5 server. Leaving...
[2022/03/26 Sat 18:16:45.269100][GEOIP]No GeoIP result. Leaving.
[2022/03/26 Sat 18:16:45.573636][TCPING]Start probing 150.129.218.52:5443.
[2022/03/26 Sat 18:16:45.573875][GEOIP]Getting GeoIP of '150.129.218.52' through proxy ''.
[2022/03/26 Sat 18:16:45.623955][TCPING]Probing 150.129.218.52:5443/tcp - Port is open - time=50ms
[2022/03/26 Sat 18:16:46.594145][GEOIP]Fetched GeoIP data: {"organization":"Cnservers LLC","longitude":113.722,"timezone":"Asia\/Shanghai","isp":"Cnservers LLC","offset":28800,"asn":40065,"asn_organization":"CNSERVERS","country":"China","ip":"150.129.218.52","latitude":34.7732,"continent_code":"AS","country_code":"CN"}

[2022/03/26 Sat 18:16:46.594287][GEOIP]Parsing GeoIP result.
[2022/03/26 Sat 18:16:46.594527][GEOIP]Parse GeoIP complete. Leaving.
[2022/03/26 Sat 18:16:46.676840][TCPING]Probing 150.129.218.52:5443/tcp - Port is open - time=48ms
[2022/03/26 Sat 18:16:47.729891][TCPING]Probing 150.129.218.52:5443/tcp - Port is open - time=48ms
[2022/03/26 Sat 18:16:48.789902][TCPING]Probing 150.129.218.52:5443/tcp - Port is open - time=57ms
[2022/03/26 Sat 18:16:49.850440][TCPING]Probing 150.129.218.52:5443/tcp - Port is open - time=55ms
[2022/03/26 Sat 18:16:50.908058][TCPING]Probing 150.129.218.52:5443/tcp - Port is open - time=53ms
[2022/03/26 Sat 18:16:50.908306][TCPING]Ping statistics for 150.129.218.52:5443 : 6 probes sent, 6 successful, 0 failed. (0.00% fail)
[2022/03/26 Sat 18:16:50.908669][RAW]50 48 48 57 55 53
[2022/03/26 Sat 18:16:50.908922][INFO]TCP Ping: 51.83  Packet Loss: 0.00%
[2022/03/26 Sat 18:16:50.909123][RULES]Rule match started.
[2022/03/26 Sat 18:16:50.909256][RULES]Searching default rule.
[2022/03/26 Sat 18:16:50.909477][RULES]Using default rule: 'https://download.microsoft.com/download/2/0/E/20E90413-712F-438C-988E-FDAA79A8AC3D/dotnetfx35.exe'.
[2022/03/26 Sat 18:16:50.909547][RULES]Node  动物园 - 香港 高速 CMI  matches no rule. Using default rule.
[2022/03/26 Sat 18:16:50.909607][RULES]Node  动物园 - 香港 高速 CMI  uses test file 'https://download.microsoft.com/download/2/0/E/20E90413-712F-438C-988E-FDAA79A8AC3D/dotnetfx35.exe'.
[2022/03/26 Sat 18:16:50.909688][INFO]Now performing site ping...
[2022/03/26 Sat 18:16:50.909773][GPING]Website ping started. Target: 'www.google.com' . Proxy: '127.0.0.1:65432' .
[2022/03/26 Sat 18:16:50.910015][GPING]ERROR: SOCKS5 server authentication failed.
[2022/03/26 Sat 18:16:50.910081][GPING]Accessing 'www.google.com' - Fail - time=0ms
[2022/03/26 Sat 18:16:50.910461][GPING]ERROR: SOCKS5 server authentication failed.
[2022/03/26 Sat 18:16:50.910570][GPING]Accessing 'www.google.com' - Fail - time=0ms
[2022/03/26 Sat 18:16:50.910819][GPING]Fail limit exceeded. Stop now.
[2022/03/26 Sat 18:16:50.910976][GPING]Ping statistics of target www.google.com : 2 probes sent, 0 successful, 2 failed. 
[2022/03/26 Sat 18:16:50.911124][GPING]Website ping completed. Leaving.
[2022/03/26 Sat 18:16:50.911173][RAW]0 0 0 0 0 0 0 0 0 0
[2022/03/26 Sat 18:16:50.911226][INFO]Site ping: 0.00
[2022/03/26 Sat 18:16:50.911304][INFO]Now performing file download speed test...
[2022/03/26 Sat 18:16:50.911387][FILEDL]Multi-thread download test started.
[2022/03/26 Sat 18:16:50.911557][FILEDL]Fetch target: https://download.microsoft.com/download/2/0/E/20E90413-712F-438C-988E-FDAA79A8AC3D/dotnetfx35.exe
[2022/03/26 Sat 18:16:50.911644][FILEDL]Found HTTPS URL. Initializing OpenSSL library.
[2022/03/26 Sat 18:16:50.911729][FILEDL]Starting up thread #1.
[2022/03/26 Sat 18:16:50.911831][FILEDL]Starting up thread #2.
[2022/03/26 Sat 18:16:50.911892][FILEDL]Starting up thread #3.
[2022/03/26 Sat 18:16:50.911966][FILEDL]Starting up thread #4.
[2022/03/26 Sat 18:16:50.912057][FILEDL]All threads launched. Start accumulating data.
[2022/03/26 Sat 18:16:51.414590][FILEDL]Running threads: 0, total received bytes: 0, current received bytes: 0.
[2022/03/26 Sat 18:16:51.414865][FILEDL]Test completed. Terminate all threads.
[2022/03/26 Sat 18:16:51.415353][FILEDL]Downloaded 0 bytes in 504 milliseconds.
[2022/03/26 Sat 18:16:51.415513][FILEDL]Thread #1 has exited.
[2022/03/26 Sat 18:16:51.415653][FILEDL]Thread #2 has exited.
[2022/03/26 Sat 18:16:51.415895][FILEDL]Thread #3 has exited.
[2022/03/26 Sat 18:16:51.416162][FILEDL]Thread #4 has exited.
[2022/03/26 Sat 18:16:51.416371][FILEDL]Multi-thread download test completed.
[2022/03/26 Sat 18:16:51.416686][RAW]0 0 0 0 0 0 0 0 0 0 0 0 0 0 0 0 0 0 0 0
[2022/03/26 Sat 18:16:51.416872][ERROR]Speedtest returned no speed.
[2022/03/26 Sat 18:16:51.417123][FILEDL]Multi-thread download test started.
[2022/03/26 Sat 18:16:51.417311][FILEDL]Fetch target: https://download.microsoft.com/download/2/0/E/20E90413-712F-438C-988E-FDAA79A8AC3D/dotnetfx35.exe
[2022/03/26 Sat 18:16:51.417670][FILEDL]Found HTTPS URL. Initializing OpenSSL library.
[2022/03/26 Sat 18:16:51.417838][FILEDL]Starting up thread #1.
[2022/03/26 Sat 18:16:51.418067][FILEDL]Starting up thread #2.
[2022/03/26 Sat 18:16:51.418185][FILEDL]Starting up thread #3.
[2022/03/26 Sat 18:16:51.418446][FILEDL]Starting up thread #4.
[2022/03/26 Sat 18:16:51.418640][FILEDL]All threads launched. Start accumulating data.
[2022/03/26 Sat 18:16:51.923158][FILEDL]Running threads: 0, total received bytes: 0, current received bytes: 0.
[2022/03/26 Sat 18:16:51.923509][FILEDL]Test completed. Terminate all threads.
[2022/03/26 Sat 18:16:51.924083][FILEDL]Downloaded 0 bytes in 506 milliseconds.
[2022/03/26 Sat 18:16:51.924317][FILEDL]Thread #1 has exited.
[2022/03/26 Sat 18:16:51.924649][FILEDL]Thread #2 has exited.
[2022/03/26 Sat 18:16:51.924888][FILEDL]Thread #3 has exited.
[2022/03/26 Sat 18:16:51.925159][FILEDL]Thread #4 has exited.
[2022/03/26 Sat 18:16:51.925325][FILEDL]Multi-thread download test completed.
[2022/03/26 Sat 18:16:51.925568][RAW]0 0 0 0 0 0 0 0 0 0 0 0 0 0 0 0 0 0 0 0
[2022/03/26 Sat 18:16:51.925710][ERROR]Speedtest returned no speed 2 times.
[2022/03/26 Sat 18:16:51.925943][INFO]Killing v2ray core...
[2022/03/26 Sat 18:16:51.962621][INFO]Received server. Group: 动物园 Name: 香港 流媒体 01
[2022/03/26 Sat 18:16:51.962800][INFO]Writing config file...
[2022/03/26 Sat 18:16:52.165403][INFO]Now started fetching GeoIP info...
[2022/03/26 Sat 18:16:52.166001][INFO]Now performing TCP ping...
[2022/03/26 Sat 18:16:52.166358][TCPING]TCP Ping begin.
[2022/03/26 Sat 18:16:52.166535][TCPING]Ping target: hzbgp.humanzoo.us:48666.
[2022/03/26 Sat 18:16:52.166780][STUN]STUN on SOCKS5 server 127.0.0.1:65432 started. Using STUN server stun.ekiga.net:3478.
[2022/03/26 Sat 18:16:52.167057][GEOIP]GeoIP parse begin.
[2022/03/26 Sat 18:16:52.167363][GEOIP]GeoIP parse begin.
[2022/03/26 Sat 18:16:52.167635][STUN]Failed to start UDP Association with SOCKS5 server. Leaving...
[2022/03/26 Sat 18:16:52.167903][GEOIP]Found host name. Resolving into IP address.
[2022/03/26 Sat 18:16:52.168135][GEOIP]No address provided, getting GeoIP through proxy 'socks5://127.0.0.1:65432'.
[2022/03/26 Sat 18:16:52.168531][TCPING]Host name provided. Resolving into IP address.
[2022/03/26 Sat 18:16:52.170046][GEOIP]No GeoIP result. Leaving.
[2022/03/26 Sat 18:16:52.192163][GEOIP]Getting GeoIP of '183.247.248.94' through proxy ''.
[2022/03/26 Sat 18:16:52.192427][TCPING]Start probing 183.247.248.94:48666.
[2022/03/26 Sat 18:16:52.226829][TCPING]Probing 183.247.248.94:48666/tcp - Port is open - time=34ms
[2022/03/26 Sat 18:16:53.245566][GEOIP]Fetched GeoIP data: {"organization":"China Mobile","longitude":121.476,"city":"Huangpu","timezone":"Asia\/Shanghai","isp":"China Mobile","offset":28800,"region":"Shanghai","asn":56041,"asn_organization":"China Mobile communications corporation","country":"China","ip":"183.247.248.94","latitude":31.242,"continent_code":"AS","country_code":"CN","region_code":"SH"}

[2022/03/26 Sat 18:16:53.245838][GEOIP]Parsing GeoIP result.
[2022/03/26 Sat 18:16:53.246351][GEOIP]Parse GeoIP complete. Leaving.
[2022/03/26 Sat 18:16:53.271740][TCPING]Probing 183.247.248.94:48666/tcp - Port is open - time=39ms
[2022/03/26 Sat 18:16:54.316066][TCPING]Probing 183.247.248.94:48666/tcp - Port is open - time=40ms
[2022/03/26 Sat 18:16:55.352044][TCPING]Probing 183.247.248.94:48666/tcp - Port is open - time=35ms
[2022/03/26 Sat 18:16:56.389543][TCPING]Probing 183.247.248.94:48666/tcp - Port is open - time=32ms
[2022/03/26 Sat 18:16:56.926280][INFO]Killing shadowsocks-libev...
[2022/03/26 Sat 18:16:56.960540][INFO]Killing shadowsocksr-libev...
[2022/03/26 Sat 18:16:56.987739][INFO]Killing v2ray core...
[2022/03/26 Sat 18:16:57.014649][INFO]Killing trojan...
[2022/03/26 Sat 18:16:57.046369][INFO]Received signal. Exit right now.
[2022/03/26 Sat 18:16:57.046594][INFO]Program terminated.
--EOF--